<?xml version="1.0" encoding="UTF-8"?>
<!-- Generated by org.testng.reporters.JUnitReportReporter -->
<testsuite skipped="0" hostname="PRAVEEN" name="testNGPrograms.annotationsExample" tests="3" failures="0" timestamp="2021-03-27T09:00:30 IST" time="0.139" errors="0">
  <testcase name="Test1" time="0.066" classname="testNGPrograms.annotationsExample"/>
  <system-out/>
  <testcase name="Test3" time="0.028" classname="testNGPrograms.annotationsExample"/>
  <system-out/>
  <testcase name="Test2" time="0.045" classname="testNGPrograms.annotationsExample"/>
  <system-out/>
</testsuite> <!-- testNGPrograms.annotationsExample -->
