<?xml version="1.0" encoding="UTF-8"?>
<!-- Generated by org.testng.reporters.JUnitReportReporter -->
<testsuite skipped="0" hostname="PRAVEEN" name="testNGPrograms.FirsttestNGclass" tests="1" failures="0" timestamp="2021-03-27T08:34:16 IST" time="0.110" errors="0">
  <testcase name="Test1" time="0.110" classname="testNGPrograms.FirsttestNGclass"/>
  <system-out/>
</testsuite> <!-- testNGPrograms.FirsttestNGclass -->
