<?xml version="1.0" encoding="UTF-8"?>
<!-- Generated by org.testng.reporters.JUnitReportReporter -->
<testsuite skipped="0" hostname="PRAVEEN" name="testNGPrograms.NewTest" tests="3" failures="0" timestamp="2021-04-03T09:29:08 IST" time="0.177" errors="0">
  <testcase name="f" time="0.100" classname="testNGPrograms.NewTest"/>
  <system-out/>
  <testcase name="f" time="0.023" classname="testNGPrograms.NewTest"/>
  <system-out/>
  <testcase name="f" time="0.054" classname="testNGPrograms.NewTest"/>
  <system-out/>
</testsuite> <!-- testNGPrograms.NewTest -->
